
   Program  MARK  - Survival Rate Estimation with Capture-Recapture Data
   gfortran(dble/PIM2) Vers. 10.1 March 2023  21-Jan-2024 08:37:31    Page  001
    
 - - - - - - - - - - - - - - - - - - - - - - - - - - - - - - - - - - - - - -
 
   Welcome to MARK david on machine MSI in subdirectory 
   "C:\Users\david\OneDrive - University of Massachusetts\HN Biology Investigation\Cursos\EcologiadePoblacionesAplicada\EcologiaAplicadaDePoblaciones\docs" running file "mark001.inp".
   This version was compiled by GCC version 12.2.0 using the options: 
     -cpp -iprefix c:\tdm-gcc-64\mingw64\bin\../lib/gcc/x86_64-w64-mingw32/12.2.0/
     -D_MT -D_REENTRANT -U_REENTRANT -D ieee -D dbleprecision -m64 -mtune=generic
     -march=x86-64 -mthreads -O3 -std=f2018 -fsignaling-nans
     -ffpe-summary=invalid,zero,overflow,underflow -funroll-loops -ffast-math
     -fall-intrinsics -fopenmp.

   This problem will use 11 of 12 possible threads.
   Static thread allocation is used.
   Schedule kind is omp_sched_dynamic with chunk size 1


  INPUT --- proc title ;

   For procedure title CPU Time was 0.001 seconds and System Time was 0.001 seconds.


  INPUT --- proc chmatrix occasions= 4 groups= 1 etype= Closed Nodes= 
  INPUT --- 101 ICMeans NoHist hist= 14  ;

  INPUT ---    time interval 1 1 1 ;

  INPUT ---    glabel(1)=Group 1;

      Number of unique encounter histories read was 14.

      Number of individual covariates read was 0.
      Time interval lengths are all equal to 1.

      Data type number is 5
      Data type is Full Likelihhood p and c

   For procedure chmatrix CPU Time was 0.001 seconds and System Time was 0.001 seconds.

  Program  MARK  - Survival Rate Estimation with Capture-Recapture Data
   gfortran(dble/PIM2) Vers. 10.1 March 2023  21-Jan-2024 08:37:31    Page  002
 - - - - - - - - - - - - - - - - - - - - - - - - - - - - - - - - - - - - - -
 


  INPUT --- proc estimate link=Parm-Specific NOLOOP varest=2ndPart    ;


  INPUT --- model={ p(~1)c(~1)f0(~1) };

  INPUT ---    group=1 p    rows=1 cols=4 Square ;
  INPUT ---        1 1 1 1 ;

  INPUT ---    group=1 c    rows=1 cols=3 Square ;
  INPUT ---        2 2 2 ;

  INPUT ---    group=1 f0    rows=1 cols=1 Square ;
  INPUT ---        3 ;

  INPUT ---    design matrix constraints=3 covariates=3 identity;

  INPUT ---    links=3;

  INPUT ---    Logit;

  INPUT ---    Logit;

  INPUT ---    Log;
  INPUT ---       blabel(1)=p:(Intercept);
  INPUT ---       blabel(2)=c:(Intercept);
  INPUT ---       blabel(3)=f0:(Intercept);
  INPUT ---       rlabel(1)=p g1 t1;
  INPUT ---       rlabel(2)=c g1 t2;
  INPUT ---       rlabel(3)=f0 g1 a0 t1;
   Model is { p(~1)c(~1)f0(~1) }

 Link Function Used is PARM-SPECIFIC

 Variance Estimation Procedure Used is 2ndPart 

 M(t+1):
     600


 -2logL(saturated) = -3776.7492    
 Effective Sample Size = 2400

 Number of function evaluations was 16 for 3 parameters.
 For numerical optimization, CPU Time was 0.001 seconds and System Time was 0.016 seconds.
 -2logL { p(~1)c(~1)f0(~1) } = -3391.0012    
 Penalty { p(~1)c(~1)f0(~1) } = 0.0000000     

  Program  MARK  - Survival Rate Estimation with Capture-Recapture Data
   gfortran(dble/PIM2) Vers. 10.1 March 2023  21-Jan-2024 08:37:31    Page  003
 - - - - - - - - - - - - - - - - - - - - - - - - - - - - - - - - - - - - - -
 
 Gradient { p(~1)c(~1)f0(~1) }:
  0.18582242E-04   0.0000000      0.51670305E-05
 Maximum ABS(G) { p(~1)c(~1)f0(~1) } = 0.1858224E-04 
 To compute VC matrix, CPU Time was 0.001 seconds and System Time was 0.001 seconds.
 S Vector { p(~1)c(~1)f0(~1) }:
   485.5592      271.1700      17.41102    
 To invert VC matrix, CPU Time was 0.001 seconds and System Time was 0.001 seconds.
 Ratio Threshold = 50.000000       Max Gap (2/3) = 15.574621       Next Max Gap (1/2) = 1.7906080     
 Gap Method for Num. of Estimated Parameters { p(~1)c(~1)f0(~1) } = 3          
 Threshold { p(~1)c(~1)f0(~1) } = 0.3716448E-04           
 Numerical Threshold Method for Num. of Estimated Parameters { p(~1)c(~1)f0(~1) } = 3          
 Number of Estimated Parameters { p(~1)c(~1)f0(~1) } = 3          
 DEVIANCE { p(~1)c(~1)f0(~1) } = 385.74796               
 DEVIANCE Degrees of Freedom { p(~1)c(~1)f0(~1) } = 11          
 c-hat { p(~1)c(~1)f0(~1) } = 35.067997               
 AIC { p(~1)c(~1)f0(~1) } = -3385.0012              
 AICc { p(~1)c(~1)f0(~1) } = -3384.9912              
 BIC { p(~1)c(~1)f0(~1) } = -3367.6516              
 Pearson Chisquare { p(~1)c(~1)f0(~1) } = 512.55704               
 Possible Encounter Histories { p(~1)c(~1)f0(~1) } = 15          
 Pearson Chisquare df { p(~1)c(~1)f0(~1) } = 11          
 Pearson chat { p(~1)c(~1)f0(~1) } = 46.596094               
 Sum(Observed/Expected) { p(~1)c(~1)f0(~1) } = 18.848963               
 s-bar { p(~1)c(~1)f0(~1) } = 0.2749259               
 Fletcher chat { p(~1)c(~1)f0(~1) } = 36.548079               


              PARM-SPECIFIC Link Function Parameters of { p(~1)c(~1)f0(~1) }
                                                              95% Confidence Interval
    Parameter                  Beta         Standard Error     Lower           Upper
 -------------------------  --------------  --------------  --------------  --------------
    1:p:(Intercept)         -0.6422980       0.1139675      -0.8656743      -0.4189217    
    2:c:(Intercept)          0.6410908       0.0607266       0.5220666       0.7601150    
    3:f0:(Intercept)         4.9062121       0.2156520       4.4835341       5.3288900    


                     Real Function Parameters of { p(~1)c(~1)f0(~1) }
                                                               95% Confidence Interval
     Parameter                Estimate       Standard Error     Lower           Upper
 --------------------------  --------------  --------------  --------------  --------------
     1:p g1 t1                0.3447273       0.0257442       0.2961552       0.3967748       
     2:c g1 t2                0.6550000       0.0137227       0.6276309       0.6813787       
     3:f0 g1 a0 t1            135.12659       29.140322       88.972586       205.22272       


                     Estimates of Derived Parameters

               Population Estimates of { p(~1)c(~1)f0(~1) }
                                                95% Confidence Interval
 Grp. Sess.     N-hat        Standard Error      Lower           Upper
 ---- -----  --------------  --------------  --------------  --------------
   1     1    735.12659       29.140322       688.97259       805.22272    

 To compute parameter estimates, CPU Time was 0.001 seconds and System Time was 0.016 seconds.

   For procedure estimate CPU Time was 0.001 seconds and System Time was 0.032 seconds.

  Program  MARK  - Survival Rate Estimation with Capture-Recapture Data
   gfortran(dble/PIM2) Vers. 10.1 March 2023  21-Jan-2024 08:37:31    Page  004
 - - - - - - - - - - - - - - - - - - - - - - - - - - - - - - - - - - - - - -
 


  INPUT --- proc stop;

     For this job, CPU Time in minutes was 0.001 and System Time in minutes was 0.001.

     Time Start = 08:37:31.540   Time End = 08:37:31.592

     Wall Clock Time in minutes for this job was 0.001.

     Maximum of 19 words used of 4096 words allocated.


          E X E C U T I O N   S U C C E S S F U L 
